[2025-03-05T03:12:24.166350500+00:00] [Info] [NetworkOperation] main: Middleware started with network type: testnet (tx_id: None, chain: Some("sui-testnet"))
[2025-03-05T03:12:24.336202200+00:00] [Info] [TransactionExecution] ExecutionManager: Executing transaction from 0x4c45f32d0c5e9fd297e52d792c261a85f0582d0bfed0edd54e0cabe12cadd0f6 to 0x02a212de6a9dfa3a69e22387acfbafbb1a9e591bd9d636e7895dcfc8de05f331 (tx_id: None, chain: None)
[2025-03-05T03:12:24.372815900+00:00] [Info] [TransactionExecution] ExecutionManager: Executing transaction from 0x4c45f32d0c5e9fd297e52d792c261a85f0582d0bfed0edd54e0cabe12cadd0f6 to 0x02a212de6a9dfa3a69e22387acfbafbb1a9e591bd9d636e7895dcfc8de05f331 (tx_id: None, chain: None)
[2025-03-05T03:12:24.457553900+00:00] [Info] [TransactionExecution] ExecutionManager: Executing transaction from 0x4c45f32d0c5e9fd297e52d792c261a85f0582d0bfed0edd54e0cabe12cadd0f6 to 0x02a212de6a9dfa3a69e22387acfbafbb1a9e591bd9d636e7895dcfc8de05f331 (tx_id: None, chain: None)
[2025-03-05T03:12:24.483680800+00:00] [Info] [TransactionExecution] ExecutionManager: Executing transaction from 0x4c45f32d0c5e9fd297e52d792c261a85f0582d0bfed0edd54e0cabe12cadd0f6 to 0x02a212de6a9dfa3a69e22387acfbafbb1a9e591bd9d636e7895dcfc8de05f331 (tx_id: None, chain: None)
[2025-03-05T03:12:24.710557900+00:00] [Info] [TransactionExecution] ExecutionManager: Executing transaction from 0x4c45f32d0c5e9fd297e52d792c261a85f0582d0bfed0edd54e0cabe12cadd0f6 to 0x02a212de6a9dfa3a69e22387acfbafbb1a9e591bd9d636e7895dcfc8de05f331 (tx_id: None, chain: None)
[2025-03-05T03:12:24.834108300+00:00] [Info] [TransactionExecution] ExecutionManager: Executing transaction from 0x4c45f32d0c5e9fd297e52d792c261a85f0582d0bfed0edd54e0cabe12cadd0f6 to 0x02a212de6a9dfa3a69e22387acfbafbb1a9e591bd9d636e7895dcfc8de05f331 (tx_id: None, chain: None)
[2025-03-05T03:12:24.845645+00:00] [Info] [TransactionExecution] ExecutionManager: Executing transaction from 0x4c45f32d0c5e9fd297e52d792c261a85f0582d0bfed0edd54e0cabe12cadd0f6 to 0x02a212de6a9dfa3a69e22387acfbafbb1a9e591bd9d636e7895dcfc8de05f331 (tx_id: None, chain: None)
[2025-03-05T03:12:24.873213600+00:00] [Info] [TransactionExecution] ExecutionManager: Executing transaction from 0x4c45f32d0c5e9fd297e52d792c261a85f0582d0bfed0edd54e0cabe12cadd0f6 to 0x02a212de6a9dfa3a69e22387acfbafbb1a9e591bd9d636e7895dcfc8de05f331 (tx_id: None, chain: None)
[2025-03-05T03:12:24.895054500+00:00] [Info] [TransactionExecution] ExecutionManager: Executing transaction from 0x4c45f32d0c5e9fd297e52d792c261a85f0582d0bfed0edd54e0cabe12cadd0f6 to 0x02a212de6a9dfa3a69e22387acfbafbb1a9e591bd9d636e7895dcfc8de05f331 (tx_id: None, chain: None)
[2025-03-05T03:12:25.121387200+00:00] [Info] [TransactionExecution] ExecutionManager: Executing transaction from 0x4c45f32d0c5e9fd297e52d792c261a85f0582d0bfed0edd54e0cabe12cadd0f6 to 0x02a212de6a9dfa3a69e22387acfbafbb1a9e591bd9d636e7895dcfc8de05f331 (tx_id: None, chain: None)
[2025-03-05T03:12:25.234703500+00:00] [Info] [TransactionExecution] ExecutionManager: Executing transaction from 0x4c45f32d0c5e9fd297e52d792c261a85f0582d0bfed0edd54e0cabe12cadd0f6 to 0x02a212de6a9dfa3a69e22387acfbafbb1a9e591bd9d636e7895dcfc8de05f331 (tx_id: None, chain: None)
[2025-03-05T03:12:25.246924+00:00] [Info] [TransactionExecution] ExecutionManager: Executing transaction from 0x4c45f32d0c5e9fd297e52d792c261a85f0582d0bfed0edd54e0cabe12cadd0f6 to 0x02a212de6a9dfa3a69e22387acfbafbb1a9e591bd9d636e7895dcfc8de05f331 (tx_id: None, chain: None)
[2025-03-05T03:12:25.276342+00:00] [Info] [TransactionExecution] ExecutionManager: Executing transaction from 0x4c45f32d0c5e9fd297e52d792c261a85f0582d0bfed0edd54e0cabe12cadd0f6 to 0x02a212de6a9dfa3a69e22387acfbafbb1a9e591bd9d636e7895dcfc8de05f331 (tx_id: None, chain: None)
[2025-03-05T03:12:25.295532300+00:00] [Info] [TransactionExecution] ExecutionManager: Executing transaction from 0x4c45f32d0c5e9fd297e52d792c261a85f0582d0bfed0edd54e0cabe12cadd0f6 to 0x02a212de6a9dfa3a69e22387acfbafbb1a9e591bd9d636e7895dcfc8de05f331 (tx_id: None, chain: None)
[2025-03-05T03:12:25.528732100+00:00] [Info] [TransactionExecution] ExecutionManager: Executing transaction from 0x4c45f32d0c5e9fd297e52d792c261a85f0582d0bfed0edd54e0cabe12cadd0f6 to 0x02a212de6a9dfa3a69e22387acfbafbb1a9e591bd9d636e7895dcfc8de05f331 (tx_id: None, chain: None)
[2025-03-05T03:12:25.646600900+00:00] [Info] [TransactionExecution] ExecutionManager: Executing transaction from 0x4c45f32d0c5e9fd297e52d792c261a85f0582d0bfed0edd54e0cabe12cadd0f6 to 0x02a212de6a9dfa3a69e22387acfbafbb1a9e591bd9d636e7895dcfc8de05f331 (tx_id: None, chain: None)
[2025-03-05T03:12:25.659276400+00:00] [Info] [TransactionExecution] ExecutionManager: Executing transaction from 0x4c45f32d0c5e9fd297e52d792c261a85f0582d0bfed0edd54e0cabe12cadd0f6 to 0x02a212de6a9dfa3a69e22387acfbafbb1a9e591bd9d636e7895dcfc8de05f331 (tx_id: None, chain: None)
[2025-03-05T03:12:25.686344300+00:00] [Info] [TransactionExecution] ExecutionManager: Executing transaction from 0x4c45f32d0c5e9fd297e52d792c261a85f0582d0bfed0edd54e0cabe12cadd0f6 to 0x02a212de6a9dfa3a69e22387acfbafbb1a9e591bd9d636e7895dcfc8de05f331 (tx_id: None, chain: None)
[2025-03-05T03:12:25.705916+00:00] [Info] [TransactionExecution] ExecutionManager: Executing transaction from 0x4c45f32d0c5e9fd297e52d792c261a85f0582d0bfed0edd54e0cabe12cadd0f6 to 0x02a212de6a9dfa3a69e22387acfbafbb1a9e591bd9d636e7895dcfc8de05f331 (tx_id: None, chain: None)
[2025-03-05T03:12:25.932279600+00:00] [Info] [TransactionExecution] ExecutionManager: Executing transaction from 0x4c45f32d0c5e9fd297e52d792c261a85f0582d0bfed0edd54e0cabe12cadd0f6 to 0x02a212de6a9dfa3a69e22387acfbafbb1a9e591bd9d636e7895dcfc8de05f331 (tx_id: None, chain: None)
[2025-03-05T03:12:26.056818600+00:00] [Info] [TransactionExecution] ExecutionManager: Executing transaction from 0x4c45f32d0c5e9fd297e52d792c261a85f0582d0bfed0edd54e0cabe12cadd0f6 to 0x02a212de6a9dfa3a69e22387acfbafbb1a9e591bd9d636e7895dcfc8de05f331 (tx_id: None, chain: None)
[2025-03-05T03:12:26.067941500+00:00] [Info] [TransactionExecution] ExecutionManager: Executing transaction from 0x4c45f32d0c5e9fd297e52d792c261a85f0582d0bfed0edd54e0cabe12cadd0f6 to 0x02a212de6a9dfa3a69e22387acfbafbb1a9e591bd9d636e7895dcfc8de05f331 (tx_id: None, chain: None)
[2025-03-05T03:12:26.102330900+00:00] [Info] [TransactionExecution] ExecutionManager: Executing transaction from 0x4c45f32d0c5e9fd297e52d792c261a85f0582d0bfed0edd54e0cabe12cadd0f6 to 0x02a212de6a9dfa3a69e22387acfbafbb1a9e591bd9d636e7895dcfc8de05f331 (tx_id: None, chain: None)
[2025-03-05T03:12:26.121585100+00:00] [Info] [TransactionExecution] ExecutionManager: Executing transaction from 0x4c45f32d0c5e9fd297e52d792c261a85f0582d0bfed0edd54e0cabe12cadd0f6 to 0x02a212de6a9dfa3a69e22387acfbafbb1a9e591bd9d636e7895dcfc8de05f331 (tx_id: None, chain: None)
[2025-03-05T03:12:26.343501900+00:00] [Info] [TransactionExecution] ExecutionManager: Executing transaction from 0x4c45f32d0c5e9fd297e52d792c261a85f0582d0bfed0edd54e0cabe12cadd0f6 to 0x02a212de6a9dfa3a69e22387acfbafbb1a9e591bd9d636e7895dcfc8de05f331 (tx_id: None, chain: None)
[2025-03-05T03:12:29.470584700+00:00] [Info] [NetworkOperation] test_network: Network initialized (tx_id: None, chain: Some("sui-testnet"))
[2025-03-05T03:12:29.471107100+00:00] [Info] [TransactionValidation] test_validation: Transaction validation succeeded (tx_id: Some("tx123"), chain: None)
[2025-03-05T03:12:29.471214200+00:00] [Info] [TransactionValidation] TransactionHandler: Transaction validation succeeded (tx_id: None, chain: None)
[2025-03-05T03:12:29.470994400+00:00] [Info] [NetworkOperation] chain_switch_test: Transaction registered on chain sui-testnet (tx_id: None, chain: Some("sui-testnet"))
[2025-03-05T03:12:29.471812700+00:00] [Warning] [TransactionVerification] test_verification: Transaction verification failed (tx_id: Some("tx456"), chain: None)
[2025-03-05T03:12:29.472455+00:00] [Info] [NetworkOperation] chain_switch_test: Switched from chain sui-testnet to sui-devnet (tx_id: None, chain: Some("sui-devnet"))
[2025-03-05T03:12:29.472508900+00:00] [Info] [TransactionExecution] test_execution: Transaction execution completed (tx_id: Some("tx789"), chain: None)
[2025-03-05T03:12:29.472887500+00:00] [Error] [SecurityError] test_error: Security protocol violation detected (tx_id: None, chain: None)
[2025-03-05T03:12:38.801152+00:00] [Error] [TransactionVerification] TransactionHandler: Transaction unverifiable: test_digest_0 - Max attempts reached: RPC error: {"code":-32602,"data":"Deserialization failed","message":"Invalid params"} (tx_id: Some("test_digest_0"), chain: None)
